2019-02-24 13:09:36.131 [main] DEBUG com.o2o.dao.ShopDao.queryShopList - ==>  Preparing: SELECT s.shop_id, s.shop_name, s.shop_desc, s.shop_addr, s.phone, s.shop_img, s.priority, s.create_time, s.last_edit_time, s.enable_status, s.advice, a.area_id, a.area_name, sc.shop_catagory_id, sc.shop_category_name FROM tb_shop s, tb_area a, tb_shop_category sc WHERE s.shop_category_id = ? AND s.area_id=a.area_id AND s.shop_category_id = sc.shop_catagory_id ORDER BY s.priority DESC LIMIT ?,?; 
2019-02-24 13:09:36.557 [main] DEBUG com.o2o.dao.ShopDao.queryShopList - ==> Parameters: 1(Long), 0(Integer), 2(Integer)
2019-02-24 13:09:36.597 [main] DEBUG com.o2o.dao.ShopDao.queryShopList - <==      Total: 2
2019-02-24 13:09:36.604 [main] DEBUG com.o2o.dao.ShopDao.queryShopCount - ==>  Preparing: SELECT count(1) FROM tb_shop s,tb_area a,tb_shop_category sc WHERE s.shop_category_id = ? AND s.area_id=a.area_id AND s.shop_category_id = sc.shop_catagory_id 
2019-02-24 13:09:36.605 [main] DEBUG com.o2o.dao.ShopDao.queryShopCount - ==> Parameters: 1(Long)
2019-02-24 13:09:36.629 [main] DEBUG com.o2o.dao.ShopDao.queryShopCount - <==      Total: 1
2019-02-24 13:11:20.606 [main] DEBUG com.o2o.dao.AreaDao.queryArea - ==>  Preparing: SELECT area_id,area_name,priority,create_time,last_edit_time FROM tb_area ORDER BY priority DESC 
2019-02-24 13:11:21.045 [main] DEBUG com.o2o.dao.AreaDao.queryArea - ==> Parameters: 
2019-02-24 13:11:21.084 [main] DEBUG com.o2o.dao.AreaDao.queryArea - <==      Total: 3
2019-02-24 15:03:55.626 [main] DEBUG com.o2o.dao.LocalAuthDao.insertLocalAuth - ==>  Preparing: INSERT INTO tb_local_auth(username,password,user_id,create_time,last_edit_time) VALUES (?,?,?,?,?) 
2019-02-24 15:03:56.071 [main] DEBUG com.o2o.dao.LocalAuthDao.insertLocalAuth - ==> Parameters: testusername(String), testpassword(String), 1(Long), 2019-02-24 15:03:55.011(Timestamp), null
2019-02-24 15:03:56.115 [main] DEBUG com.o2o.dao.LocalAuthDao.insertLocalAuth - <==    Updates: 1
2019-02-24 15:03:56.133 [main] DEBUG c.o2o.dao.LocalAuthDao.queryLocalByUserNameAndPwd - ==>  Preparing: SELECT l.local_auth_id, l.username, l.password, l.create_time, l.last_edit_time, p.user_id, p.name, p.gender, p.email, p.profile_img, p.user_type, p.create_time, p.last_edit_time, p.enable_status FROM tb_local_auth l LEFT JOIN tb_person_info p ON l.user_id = p.user_id WHERE l.username = ? AND l.password = ? 
2019-02-24 15:03:56.142 [main] DEBUG c.o2o.dao.LocalAuthDao.queryLocalByUserNameAndPwd - ==> Parameters: testusername(String), testpassword(String)
2019-02-24 15:03:56.241 [main] DEBUG com.o2o.dao.LocalAuthDao.queryLocalByUserId - ==>  Preparing: SELECT l.local_auth_id, l.username, l.password, l.create_time, l.last_edit_time, p.user_id, p.name, p.gender, p.email, p.profile_img, p.user_type, p.create_time, p.last_edit_time, p.enable_status FROM tb_local_auth l LEFT JOIN tb_person_info p ON l.user_id = p.user_id WHERE l.user_id = ? 
2019-02-24 15:03:56.242 [main] DEBUG com.o2o.dao.LocalAuthDao.queryLocalByUserId - ==> Parameters: 1(Long)
2019-02-24 15:03:56.317 [main] DEBUG com.o2o.dao.LocalAuthDao.updateLocalAuth - ==>  Preparing: update tb_local_auth SET password=?, last_edit_time=? where user_id=? AND username=? AND password=? 
2019-02-24 15:03:56.318 [main] DEBUG com.o2o.dao.LocalAuthDao.updateLocalAuth - ==> Parameters: testpasswordnew(String), 2019-02-24 15:03:56.287(Timestamp), 1(Long), testusername(String), testpassword(String)
2019-02-24 15:03:56.360 [main] DEBUG com.o2o.dao.LocalAuthDao.updateLocalAuth - <==    Updates: 1
2019-02-24 15:03:56.361 [main] DEBUG com.o2o.dao.LocalAuthDao.queryLocalByUserId - ==>  Preparing: SELECT l.local_auth_id, l.username, l.password, l.create_time, l.last_edit_time, p.user_id, p.name, p.gender, p.email, p.profile_img, p.user_type, p.create_time, p.last_edit_time, p.enable_status FROM tb_local_auth l LEFT JOIN tb_person_info p ON l.user_id = p.user_id WHERE l.user_id = ? 
2019-02-24 15:03:56.362 [main] DEBUG com.o2o.dao.LocalAuthDao.queryLocalByUserId - ==> Parameters: 1(Long)
2019-02-24 15:07:05.567 [main] DEBUG com.o2o.dao.LocalAuthDao.insertLocalAuth - ==>  Preparing: INSERT INTO tb_local_auth(username,password,user_id,create_time,last_edit_tie) VALUES (?,?,?,?,?) 
2019-02-24 15:07:06.039 [main] DEBUG com.o2o.dao.LocalAuthDao.insertLocalAuth - ==> Parameters: testusername(String), testpassword(String), 1(Long), 2019-02-24 15:07:04.906(Timestamp), null
2019-02-24 15:07:06.161 [main] DEBUG c.o2o.dao.LocalAuthDao.queryLocalByUserNameAndPwd - ==>  Preparing: SELECT l.local_auth_id, l.username, l.password, l.create_time, l.last_edit_tie, p.user_id, p.name, p.gender, p.email, p.profile_img, p.user_type, p.create_time, p.last_edit_tie, p.enable_status FROM tb_local_auth l LEFT JOIN tb_person_info p ON l.user_id = p.user_id WHERE l.username = ? AND l.password = ? 
2019-02-24 15:07:06.162 [main] DEBUG c.o2o.dao.LocalAuthDao.queryLocalByUserNameAndPwd - ==> Parameters: testusername(String), testpassword(String)
2019-02-24 15:07:06.210 [main] DEBUG com.o2o.dao.LocalAuthDao.queryLocalByUserId - ==>  Preparing: SELECT l.local_auth_id, l.username, l.password, l.create_time, l.last_edit_tie, p.user_id, p.name, p.gender, p.email, p.profile_img, p.user_type, p.create_time, p.last_edit_tie, p.enable_status FROM tb_local_auth l LEFT JOIN tb_person_info p ON l.user_id = p.user_id WHERE l.user_id = ? 
2019-02-24 15:07:06.211 [main] DEBUG com.o2o.dao.LocalAuthDao.queryLocalByUserId - ==> Parameters: 1(Long)
2019-02-24 15:07:06.289 [main] DEBUG com.o2o.dao.LocalAuthDao.updateLocalAuth - ==>  Preparing: update tb_local_auth SET password=?, last_edit_tie=? where user_id=? AND username=? AND password=? 
2019-02-24 15:07:06.313 [main] DEBUG com.o2o.dao.LocalAuthDao.updateLocalAuth - ==> Parameters: testpasswordnew(String), 2019-02-24 15:07:06.255(Timestamp), 1(Long), testusername(String), testpassword(String)
2019-02-24 15:08:38.217 [main] DEBUG com.o2o.dao.LocalAuthDao.insertLocalAuth - ==>  Preparing: INSERT INTO tb_local_auth(username,password,user_id,create_time,last_edit_time) VALUES (?,?,?,?,?) 
2019-02-24 15:08:38.652 [main] DEBUG com.o2o.dao.LocalAuthDao.insertLocalAuth - ==> Parameters: testusername(String), testpassword(String), 1(Long), 2019-02-24 15:08:37.615(Timestamp), null
2019-02-24 15:08:38.697 [main] DEBUG com.o2o.dao.LocalAuthDao.insertLocalAuth - <==    Updates: 1
2019-02-24 15:08:38.712 [main] DEBUG c.o2o.dao.LocalAuthDao.queryLocalByUserNameAndPwd - ==>  Preparing: SELECT l.local_auth_id, l.username, l.password, l.create_time, l.last_edit_time, p.user_id, p.name, p.gender, p.email, p.profile_img, p.user_type, p.create_time, p.last_edit_tie, p.enable_status FROM tb_local_auth l LEFT JOIN tb_person_info p ON l.user_id = p.user_id WHERE l.username = ? AND l.password = ? 
2019-02-24 15:08:38.713 [main] DEBUG c.o2o.dao.LocalAuthDao.queryLocalByUserNameAndPwd - ==> Parameters: testusername(String), testpassword(String)
2019-02-24 15:08:38.822 [main] DEBUG com.o2o.dao.LocalAuthDao.queryLocalByUserId - ==>  Preparing: SELECT l.local_auth_id, l.username, l.password, l.create_time, l.last_edit_time, p.user_id, p.name, p.gender, p.email, p.profile_img, p.user_type, p.create_time, p.last_edit_tie, p.enable_status FROM tb_local_auth l LEFT JOIN tb_person_info p ON l.user_id = p.user_id WHERE l.user_id = ? 
2019-02-24 15:08:38.823 [main] DEBUG com.o2o.dao.LocalAuthDao.queryLocalByUserId - ==> Parameters: 1(Long)
2019-02-24 15:08:38.909 [main] DEBUG com.o2o.dao.LocalAuthDao.updateLocalAuth - ==>  Preparing: update tb_local_auth SET password=?, last_edit_time=? where user_id=? AND username=? AND password=? 
2019-02-24 15:08:38.910 [main] DEBUG com.o2o.dao.LocalAuthDao.updateLocalAuth - ==> Parameters: testpasswordnew(String), 2019-02-24 15:08:38.873(Timestamp), 1(Long), testusername(String), testpassword(String)
2019-02-24 15:08:38.957 [main] DEBUG com.o2o.dao.LocalAuthDao.updateLocalAuth - <==    Updates: 1
2019-02-24 15:08:38.958 [main] DEBUG com.o2o.dao.LocalAuthDao.queryLocalByUserId - ==>  Preparing: SELECT l.local_auth_id, l.username, l.password, l.create_time, l.last_edit_time, p.user_id, p.name, p.gender, p.email, p.profile_img, p.user_type, p.create_time, p.last_edit_tie, p.enable_status FROM tb_local_auth l LEFT JOIN tb_person_info p ON l.user_id = p.user_id WHERE l.user_id = ? 
2019-02-24 15:08:38.958 [main] DEBUG com.o2o.dao.LocalAuthDao.queryLocalByUserId - ==> Parameters: 1(Long)
2019-02-24 15:10:01.576 [main] DEBUG com.o2o.dao.LocalAuthDao.insertLocalAuth - ==>  Preparing: INSERT INTO tb_local_auth(username,password,user_id,create_time,last_edit_time) VALUES (?,?,?,?,?) 
2019-02-24 15:10:02.042 [main] DEBUG com.o2o.dao.LocalAuthDao.insertLocalAuth - ==> Parameters: testusername(String), testpassword(String), 1(Long), 2019-02-24 15:10:00.984(Timestamp), null
2019-02-24 15:10:02.094 [main] DEBUG com.o2o.dao.LocalAuthDao.insertLocalAuth - <==    Updates: 1
2019-02-24 15:10:02.108 [main] DEBUG c.o2o.dao.LocalAuthDao.queryLocalByUserNameAndPwd - ==>  Preparing: SELECT l.local_auth_id, l.username, l.password, l.create_time, l.last_edit_time, p.user_id, p.name, p.gender, p.email, p.profile_img, p.user_type, p.create_time, p.last_edit_tie, p.enale_status FROM tb_local_auth l LEFT JOIN tb_person_info p ON l.user_id = p.user_id WHERE l.username = ? AND l.password = ? 
2019-02-24 15:10:02.108 [main] DEBUG c.o2o.dao.LocalAuthDao.queryLocalByUserNameAndPwd - ==> Parameters: testusername(String), testpassword(String)
2019-02-24 15:10:02.141 [main] DEBUG c.o2o.dao.LocalAuthDao.queryLocalByUserNameAndPwd - <==      Total: 1
2019-02-24 15:10:02.201 [main] DEBUG com.o2o.dao.LocalAuthDao.queryLocalByUserId - ==>  Preparing: SELECT l.local_auth_id, l.username, l.password, l.create_time, l.last_edit_time, p.user_id, p.name, p.gender, p.email, p.profile_img, p.user_type, p.create_time, p.last_edit_tie, p.enale_status FROM tb_local_auth l LEFT JOIN tb_person_info p ON l.user_id = p.user_id WHERE l.user_id = ? 
2019-02-24 15:10:02.202 [main] DEBUG com.o2o.dao.LocalAuthDao.queryLocalByUserId - ==> Parameters: 1(Long)
2019-02-24 15:10:02.227 [main] DEBUG com.o2o.dao.LocalAuthDao.queryLocalByUserId - <==      Total: 3
2019-02-24 15:10:02.270 [main] DEBUG com.o2o.dao.LocalAuthDao.updateLocalAuth - ==>  Preparing: update tb_local_auth SET password=?, last_edit_time=? where user_id=? AND username=? AND password=? 
2019-02-24 15:10:02.272 [main] DEBUG com.o2o.dao.LocalAuthDao.updateLocalAuth - ==> Parameters: testpasswordnew(String), 2019-02-24 15:10:02.232(Timestamp), 1(Long), testusername(String), testpassword(String)
2019-02-24 15:10:02.312 [main] DEBUG com.o2o.dao.LocalAuthDao.updateLocalAuth - <==    Updates: 1
2019-02-24 15:10:02.313 [main] DEBUG com.o2o.dao.LocalAuthDao.queryLocalByUserId - ==>  Preparing: SELECT l.local_auth_id, l.username, l.password, l.create_time, l.last_edit_time, p.user_id, p.name, p.gender, p.email, p.profile_img, p.user_type, p.create_time, p.last_edit_tie, p.enale_status FROM tb_local_auth l LEFT JOIN tb_person_info p ON l.user_id = p.user_id WHERE l.user_id = ? 
2019-02-24 15:10:02.313 [main] DEBUG com.o2o.dao.LocalAuthDao.queryLocalByUserId - ==> Parameters: 1(Long)
2019-02-24 15:10:02.335 [main] DEBUG com.o2o.dao.LocalAuthDao.queryLocalByUserId - <==      Total: 3
2019-02-24 15:11:28.855 [main] DEBUG com.o2o.dao.LocalAuthDao.insertLocalAuth - ==>  Preparing: INSERT INTO tb_local_auth(username,password,user_id,create_time,last_edit_time) VALUES (?,?,?,?,?) 
2019-02-24 15:11:29.308 [main] DEBUG com.o2o.dao.LocalAuthDao.insertLocalAuth - ==> Parameters: testusername(String), testpassword(String), 1(Long), 2019-02-24 15:11:28.23(Timestamp), null
2019-02-24 15:11:29.372 [main] DEBUG com.o2o.dao.LocalAuthDao.insertLocalAuth - <==    Updates: 1
2019-02-24 15:11:29.391 [main] DEBUG c.o2o.dao.LocalAuthDao.queryLocalByUserNameAndPwd - ==>  Preparing: SELECT l.local_auth_id, l.username, l.password, l.create_time, l.last_edit_time, p.user_id, p.name, p.gender, p.email, p.profile_img, p.user_type, p.create_time, p.last_edit_tie, p.enale_status FROM tb_local_auth l LEFT JOIN tb_person_info p ON l.user_id = p.user_id WHERE l.username = ? AND l.password = ? 
2019-02-24 15:11:29.391 [main] DEBUG c.o2o.dao.LocalAuthDao.queryLocalByUserNameAndPwd - ==> Parameters: testusername(String), testpassword(String)
2019-02-24 15:11:29.429 [main] DEBUG c.o2o.dao.LocalAuthDao.queryLocalByUserNameAndPwd - <==      Total: 1
2019-02-24 15:11:29.437 [main] DEBUG com.o2o.dao.LocalAuthDao.queryLocalByUserId - ==>  Preparing: SELECT l.local_auth_id, l.username, l.password, l.create_time, l.last_edit_time, p.user_id, p.name, p.gender, p.email, p.profile_img, p.user_type, p.create_time, p.last_edit_tie, p.enale_status FROM tb_local_auth l LEFT JOIN tb_person_info p ON l.user_id = p.user_id WHERE l.user_id = ? 
2019-02-24 15:11:29.438 [main] DEBUG com.o2o.dao.LocalAuthDao.queryLocalByUserId - ==> Parameters: 1(Long)
2019-02-24 15:11:29.466 [main] DEBUG com.o2o.dao.LocalAuthDao.queryLocalByUserId - <==      Total: 4
2019-02-24 15:11:29.506 [main] DEBUG com.o2o.dao.LocalAuthDao.updateLocalAuth - ==>  Preparing: update tb_local_auth SET password=?, last_edit_time=? where user_id=? AND username=? AND password=? 
2019-02-24 15:11:29.507 [main] DEBUG com.o2o.dao.LocalAuthDao.updateLocalAuth - ==> Parameters: testpasswordnew(String), 2019-02-24 15:11:29.474(Timestamp), 1(Long), testusername(String), testpassword(String)
2019-02-24 15:11:29.571 [main] DEBUG com.o2o.dao.LocalAuthDao.updateLocalAuth - <==    Updates: 1
2019-02-24 15:11:29.572 [main] DEBUG com.o2o.dao.LocalAuthDao.queryLocalByUserId - ==>  Preparing: SELECT l.local_auth_id, l.username, l.password, l.create_time, l.last_edit_time, p.user_id, p.name, p.gender, p.email, p.profile_img, p.user_type, p.create_time, p.last_edit_tie, p.enale_status FROM tb_local_auth l LEFT JOIN tb_person_info p ON l.user_id = p.user_id WHERE l.user_id = ? 
2019-02-24 15:11:29.572 [main] DEBUG com.o2o.dao.LocalAuthDao.queryLocalByUserId - ==> Parameters: 1(Long)
2019-02-24 15:11:29.599 [main] DEBUG com.o2o.dao.LocalAuthDao.queryLocalByUserId - <==      Total: 4
2019-02-24 15:11:44.869 [main] DEBUG com.o2o.dao.LocalAuthDao.insertLocalAuth - ==>  Preparing: INSERT INTO tb_local_auth(username,password,user_id,create_time,last_edit_time) VALUES (?,?,?,?,?) 
2019-02-24 15:11:45.324 [main] DEBUG com.o2o.dao.LocalAuthDao.insertLocalAuth - ==> Parameters: testusername(String), testpassword(String), 1(Long), 2019-02-24 15:11:44.281(Timestamp), null
2019-02-24 15:11:45.369 [main] DEBUG com.o2o.dao.LocalAuthDao.insertLocalAuth - <==    Updates: 1
2019-02-24 15:11:45.384 [main] DEBUG c.o2o.dao.LocalAuthDao.queryLocalByUserNameAndPwd - ==>  Preparing: SELECT l.local_auth_id, l.username, l.password, l.create_time, l.last_edit_time, p.user_id, p.name, p.gender, p.email, p.profile_img, p.user_type, p.create_time, p.last_edit_tie, p.enale_status FROM tb_local_auth l LEFT JOIN tb_person_info p ON l.user_id = p.user_id WHERE l.username = ? AND l.password = ? 
2019-02-24 15:11:45.385 [main] DEBUG c.o2o.dao.LocalAuthDao.queryLocalByUserNameAndPwd - ==> Parameters: testusername(String), testpassword(String)
2019-02-24 15:11:45.421 [main] DEBUG c.o2o.dao.LocalAuthDao.queryLocalByUserNameAndPwd - <==      Total: 1
2019-02-24 15:11:45.429 [main] DEBUG com.o2o.dao.LocalAuthDao.queryLocalByUserId - ==>  Preparing: SELECT l.local_auth_id, l.username, l.password, l.create_time, l.last_edit_time, p.user_id, p.name, p.gender, p.email, p.profile_img, p.user_type, p.create_time, p.last_edit_tie, p.enale_status FROM tb_local_auth l LEFT JOIN tb_person_info p ON l.user_id = p.user_id WHERE l.user_id = ? 
2019-02-24 15:11:45.431 [main] DEBUG com.o2o.dao.LocalAuthDao.queryLocalByUserId - ==> Parameters: 1(Long)
2019-02-24 15:11:45.458 [main] DEBUG com.o2o.dao.LocalAuthDao.queryLocalByUserId - <==      Total: 5
2019-02-24 15:11:45.510 [main] DEBUG com.o2o.dao.LocalAuthDao.updateLocalAuth - ==>  Preparing: update tb_local_auth SET password=?, last_edit_time=? where user_id=? AND username=? AND password=? 
2019-02-24 15:11:45.511 [main] DEBUG com.o2o.dao.LocalAuthDao.updateLocalAuth - ==> Parameters: testpasswordnew(String), 2019-02-24 15:11:45.466(Timestamp), 1(Long), testusername(String), testpassword(String)
2019-02-24 15:11:45.554 [main] DEBUG com.o2o.dao.LocalAuthDao.updateLocalAuth - <==    Updates: 1
2019-02-24 15:11:45.555 [main] DEBUG com.o2o.dao.LocalAuthDao.queryLocalByUserId - ==>  Preparing: SELECT l.local_auth_id, l.username, l.password, l.create_time, l.last_edit_time, p.user_id, p.name, p.gender, p.email, p.profile_img, p.user_type, p.create_time, p.last_edit_tie, p.enale_status FROM tb_local_auth l LEFT JOIN tb_person_info p ON l.user_id = p.user_id WHERE l.user_id = ? 
2019-02-24 15:11:45.555 [main] DEBUG com.o2o.dao.LocalAuthDao.queryLocalByUserId - ==> Parameters: 1(Long)
2019-02-24 15:11:45.579 [main] DEBUG com.o2o.dao.LocalAuthDao.queryLocalByUserId - <==      Total: 5
2019-02-24 15:13:20.994 [main] DEBUG com.o2o.dao.LocalAuthDao.insertLocalAuth - ==>  Preparing: INSERT INTO tb_local_auth(username,password,user_id,create_time,last_edit_time) VALUES (?,?,?,?,?) 
2019-02-24 15:13:21.450 [main] DEBUG com.o2o.dao.LocalAuthDao.insertLocalAuth - ==> Parameters: testusername(String), testpassword(String), 1(Long), 2019-02-24 15:13:20.406(Timestamp), null
2019-02-24 15:13:21.506 [main] DEBUG com.o2o.dao.LocalAuthDao.insertLocalAuth - <==    Updates: 1
2019-02-24 15:13:21.521 [main] DEBUG c.o2o.dao.LocalAuthDao.queryLocalByUserNameAndPwd - ==>  Preparing: SELECT l.local_auth_id, l.username, l.password, l.create_time, l.last_edit_time, p.user_id, p.name, p.gender, p.email, p.profile_img, p.user_type, p.create_time, p.last_edit_tie, p.enale_status FROM tb_local_auth l LEFT JOIN tb_person_info p ON l.user_id = p.user_id WHERE l.username = ? AND l.password = ? 
2019-02-24 15:13:21.522 [main] DEBUG c.o2o.dao.LocalAuthDao.queryLocalByUserNameAndPwd - ==> Parameters: testusername(String), testpassword(String)
2019-02-24 15:13:21.556 [main] DEBUG c.o2o.dao.LocalAuthDao.queryLocalByUserNameAndPwd - <==      Total: 1
2019-02-24 15:13:21.564 [main] DEBUG com.o2o.dao.LocalAuthDao.queryLocalByUserId - ==>  Preparing: SELECT l.local_auth_id, l.username, l.password, l.create_time, l.last_edit_time, p.user_id, p.name, p.gender, p.email, p.profile_img, p.user_type, p.create_time, p.last_edit_tie, p.enale_status FROM tb_local_auth l LEFT JOIN tb_person_info p ON l.user_id = p.user_id WHERE l.user_id = ? 
2019-02-24 15:13:21.565 [main] DEBUG com.o2o.dao.LocalAuthDao.queryLocalByUserId - ==> Parameters: 1(Long)
2019-02-24 15:13:21.587 [main] DEBUG com.o2o.dao.LocalAuthDao.queryLocalByUserId - <==      Total: 1
2019-02-24 15:13:21.626 [main] DEBUG com.o2o.dao.LocalAuthDao.updateLocalAuth - ==>  Preparing: update tb_local_auth SET password=?, last_edit_time=? where user_id=? AND username=? AND password=? 
2019-02-24 15:13:21.628 [main] DEBUG com.o2o.dao.LocalAuthDao.updateLocalAuth - ==> Parameters: testpasswordnew(String), 2019-02-24 15:13:21.589(Timestamp), 1(Long), testusername(String), testpassword(String)
2019-02-24 15:13:21.670 [main] DEBUG com.o2o.dao.LocalAuthDao.updateLocalAuth - <==    Updates: 1
2019-02-24 15:13:21.671 [main] DEBUG com.o2o.dao.LocalAuthDao.queryLocalByUserId - ==>  Preparing: SELECT l.local_auth_id, l.username, l.password, l.create_time, l.last_edit_time, p.user_id, p.name, p.gender, p.email, p.profile_img, p.user_type, p.create_time, p.last_edit_tie, p.enale_status FROM tb_local_auth l LEFT JOIN tb_person_info p ON l.user_id = p.user_id WHERE l.user_id = ? 
2019-02-24 15:13:21.671 [main] DEBUG com.o2o.dao.LocalAuthDao.queryLocalByUserId - ==> Parameters: 1(Long)
2019-02-24 15:13:21.693 [main] DEBUG com.o2o.dao.LocalAuthDao.queryLocalByUserId - <==      Total: 1
